<?xml version="1.0" encoding="UTF-8"?>
<!-- Generated by org.testng.reporters.JUnitXMLReporter -->
<testsuite hostname="sharp" ignored="0" name="Test" tests="20" failures="1" timestamp="2021-06-13T20:56:28 IST" time="663.574" errors="0">
  <testcase name="feature" time="44.514" classname="com.dms.runner.TestRunner"/>
  <testcase name="feature" time="33.816" classname="com.dms.runner.TestRunner"/>
  <testcase name="feature" time="33.121" classname="com.dms.runner.TestRunner"/>
  <testcase name="feature" time="32.376" classname="com.dms.runner.TestRunner"/>
  <testcase name="feature" time="30.498" classname="com.dms.runner.TestRunner">
    <failure type="cucumber.runtime.CucumberException" message="org.openqa.selenium.NoSuchElementException: no such element: Unable to locate element: {&amp;quot;method&amp;quot;:&amp;quot;xpath&amp;quot;,&amp;quot;selector&amp;quot;:&amp;quot;//div[@id=&amp;apos;preloader&amp;apos; and contains(@style,&amp;apos;opacity&amp;apos;)]&amp;quot;}
  (Session info: chrome=91.0.4472.77)
For documentation on this error, please visit: https://www.seleniumhq.org/exceptions/no_such_element.html
Build info: version: &amp;apos;3.141.59&amp;apos;, revision: &amp;apos;e82be7d358&amp;apos;, time: &amp;apos;2018-11-14T08:17:03&amp;apos;
System info: host: &amp;apos;SHARP&amp;apos;, ip: &amp;apos;192.168.1.102&amp;apos;, os.name: &amp;apos;Windows 10&amp;apos;, os.arch: &amp;apos;amd64&amp;apos;, os.version: &amp;apos;10.0&amp;apos;, java.version: &amp;apos;1.8.0_281&amp;apos;
Driver info: org.openqa.selenium.chrome.ChromeDriver
Capabilities {acceptInsecureCerts: true, browserName: chrome, browserVersion: 91.0.4472.77, chrome: {chromedriverVersion: 91.0.4472.19 (1bf021f248676..., userDataDir: C:\Users\ELCOT\AppData\Loca...}, goog:chromeOptions: {debuggerAddress: localhost:54628}, javascriptEnabled: true, networkConnectionEnabled: false, pageLoadStrategy: none, platform: WINDOWS, platformName: WINDOWS, proxy: Proxy(), setWindowRect: true, strictFileInteractability: false, timeouts: {implicit: 0, pageLoad: 300000, script: 30000}, unhandledPromptBehavior: dismiss and notify, webauthn:extension:largeBlob: true, webauthn:virtualAuthenticators: true}
Session ID: c3c9826b44bb80f44541f9df5544dfcf
*** Element info: {Using=xpath, value=//div[@id=&amp;apos;preloader&amp;apos; and contains(@style,&amp;apos;opacity&amp;apos;)]}">
      <![CDATA[cucumber.runtime.CucumberException: org.openqa.selenium.NoSuchElementException: no such element: Unable to locate element: {"method":"xpath","selector":"//div[@id='preloader' and contains(@style,'opacity')]"}
  (Session info: chrome=91.0.4472.77)
For documentation on this error, please visit: https://www.seleniumhq.org/exceptions/no_such_element.html
Build info: version: '3.141.59', revision: 'e82be7d358', time: '2018-11-14T08:17:03'
System info: host: 'SHARP', ip: '192.168.1.102', os.name: 'Windows 10', os.arch: 'amd64', os.version: '10.0', java.version: '1.8.0_281'
Driver info: org.openqa.selenium.chrome.ChromeDriver
Capabilities {acceptInsecureCerts: true, browserName: chrome, browserVersion: 91.0.4472.77, chrome: {chromedriverVersion: 91.0.4472.19 (1bf021f248676..., userDataDir: C:\Users\ELCOT\AppData\Loca...}, goog:chromeOptions: {debuggerAddress: localhost:54628}, javascriptEnabled: true, networkConnectionEnabled: false, pageLoadStrategy: none, platform: WINDOWS, platformName: WINDOWS, proxy: Proxy(), setWindowRect: true, strictFileInteractability: false, timeouts: {implicit: 0, pageLoad: 300000, script: 30000}, unhandledPromptBehavior: dismiss and notify, webauthn:extension:largeBlob: true, webauthn:virtualAuthenticators: true}
Session ID: c3c9826b44bb80f44541f9df5544dfcf
*** Element info: {Using=xpath, value=//div[@id='preloader' and contains(@style,'opacity')]}
at cucumber.api.testng.TestNGCucumberRunner.runCucumber(TestNGCucumberRunner.java:69)
at com.dms.runner.TestRunner.feature(TestRunner.java:69)
at java.util.ArrayList.forEach(ArrayList.java:1259)
Caused by: org.openqa.selenium.NoSuchElementException: no such element: Unable to locate element: {"method":"xpath","selector":"//div[@id='preloader' and contains(@style,'opacity')]"}
  (Session info: chrome=91.0.4472.77)
For documentation on this error, please visit: https://www.seleniumhq.org/exceptions/no_such_element.html
Build info: version: '3.141.59', revision: 'e82be7d358', time: '2018-11-14T08:17:03'
System info: host: 'SHARP', ip: '192.168.1.102', os.name: 'Windows 10', os.arch: 'amd64', os.version: '10.0', java.version: '1.8.0_281'
Driver info: org.openqa.selenium.chrome.ChromeDriver
Capabilities {acceptInsecureCerts: true, browserName: chrome, browserVersion: 91.0.4472.77, chrome: {chromedriverVersion: 91.0.4472.19 (1bf021f248676..., userDataDir: C:\Users\ELCOT\AppData\Loca...}, goog:chromeOptions: {debuggerAddress: localhost:54628}, javascriptEnabled: true, networkConnectionEnabled: false, pageLoadStrategy: none, platform: WINDOWS, platformName: WINDOWS, proxy: Proxy(), setWindowRect: true, strictFileInteractability: false, timeouts: {implicit: 0, pageLoad: 300000, script: 30000}, unhandledPromptBehavior: dismiss and notify, webauthn:extension:largeBlob: true, webauthn:virtualAuthenticators: true}
Session ID: c3c9826b44bb80f44541f9df5544dfcf
*** Element info: {Using=xpath, value=//div[@id='preloader' and contains(@style,'opacity')]}
at org.openqa.selenium.remote.http.W3CHttpResponseCodec.createException(W3CHttpResponseCodec.java:187)
at org.openqa.selenium.remote.http.W3CHttpResponseCodec.decode(W3CHttpResponseCodec.java:122)
at org.openqa.selenium.remote.http.W3CHttpResponseCodec.decode(W3CHttpResponseCodec.java:49)
at org.openqa.selenium.remote.HttpCommandExecutor.execute(HttpCommandExecutor.java:158)
at org.openqa.selenium.remote.service.DriverCommandExecutor.execute(DriverCommandExecutor.java:83)
at org.openqa.selenium.remote.RemoteWebDriver.execute(RemoteWebDriver.java:552)
at org.openqa.selenium.remote.RemoteWebDriver.findElement(RemoteWebDriver.java:323)
at org.openqa.selenium.remote.RemoteWebDriver.findElementByXPath(RemoteWebDriver.java:428)
at org.openqa.selenium.By$ByXPath.findElement(By.java:353)
at org.openqa.selenium.remote.RemoteWebDriver.findElement(RemoteWebDriver.java:315)
at com.dms.base.TestBase.commonPreloadWait(TestBase.java:184)
at com.dms.base.TestBase.logout(TestBase.java:88)
at com.dms.stepDefinitions.LoginStepDef.logoutTheApplication(LoginStepDef.java:43)
at âœ½.And Logout the application(AddDocuments.feature:29)
... Removed 31 stack frames]]>
    </failure>
  </testcase> <!-- feature -->
  <testcase name="feature" time="33.372" classname="com.dms.runner.TestRunner"/>
  <testcase name="feature" time="33.074" classname="com.dms.runner.TestRunner"/>
  <testcase name="feature" time="33.622" classname="com.dms.runner.TestRunner"/>
  <testcase name="feature" time="32.705" classname="com.dms.runner.TestRunner"/>
  <testcase name="feature" time="32.888" classname="com.dms.runner.TestRunner"/>
  <testcase name="feature" time="31.411" classname="com.dms.runner.TestRunner"/>
  <testcase name="feature" time="30.878" classname="com.dms.runner.TestRunner"/>
  <testcase name="feature" time="32.536" classname="com.dms.runner.TestRunner"/>
  <testcase name="feature" time="32.721" classname="com.dms.runner.TestRunner"/>
  <testcase name="feature" time="31.36" classname="com.dms.runner.TestRunner"/>
  <testcase name="feature" time="32.264" classname="com.dms.runner.TestRunner"/>
  <testcase name="feature" time="31.772" classname="com.dms.runner.TestRunner"/>
  <testcase name="feature" time="32.575" classname="com.dms.runner.TestRunner"/>
  <testcase name="feature" time="31.298" classname="com.dms.runner.TestRunner"/>
  <testcase name="feature" time="32.115" classname="com.dms.runner.TestRunner"/>
</testsuite> <!-- Test -->
